{"/Users/wangzhenjie/emfe/publicHeader/header/water/header/Header.vue": {"path":"/Users/wangzhenjie/emfe/publicHeader/header/water/header/Header.vue","statementMap":{"0":{"start":{"line":25,"column":0},"end":{"line":null,"column":-1}},"1":{"start":{"line":26,"column":0},"end":{"line":null,"column":-1}},"2":{"start":{"line":27,"column":0},"end":{"line":null,"column":-1}},"3":{"start":{"line":28,"column":0},"end":{"line":null,"column":-1}},"4":{"start":{"line":29,"column":0},"end":{"line":null,"column":-1}},"5":{"start":{"line":31,"column":0},"end":{"line":null,"column":-1}},"6":{"start":{"line":36,"column":0},"end":{"line":null,"column":-1}},"7":{"start":{"line":67,"column":0},"end":{"line":null,"column":-1}},"8":{"start":{"line":71,"column":0},"end":{"line":null,"column":-1}},"9":{"start":{"line":74,"column":0},"end":{"line":null,"column":-1}},"10":{"start":{"line":77,"column":0},"end":{"line":null,"column":-1}},"11":{"start":{"line":80,"column":0},"end":{"line":null,"column":-1}},"12":{"start":{"line":81,"column":0},"end":{"line":null,"column":-1}},"13":{"start":{"line":84,"column":0},"end":{"line":null,"column":-1}},"14":{"start":{"line":87,"column":0},"end":{"line":null,"column":-1}},"15":{"start":{"line":88,"column":0},"end":{"line":null,"column":-1}},"16":{"start":{"line":91,"column":0},"end":{"line":null,"column":-1}},"17":{"start":{"line":94,"column":0},"end":{"line":null,"column":-1}},"18":{"start":{"line":95,"column":0},"end":{"line":null,"column":-1}},"19":{"start":{"line":98,"column":0},"end":{"line":null,"column":-1}},"20":{"start":{"line":99,"column":0},"end":{"line":null,"column":-1}},"21":{"start":{"line":102,"column":0},"end":{"line":null,"column":-1}},"22":{"start":{"line":103,"column":0},"end":{"line":null,"column":-1}},"23":{"start":{"line":106,"column":0},"end":{"line":111,"column":0}},"24":{"start":{"line":107,"column":0},"end":{"line":null,"column":-1}},"25":{"start":{"line":109,"column":0},"end":{"line":null,"column":-1}},"26":{"start":{"line":110,"column":0},"end":{"line":null,"column":-1}},"27":{"start":{"line":116,"column":0},"end":{"line":null,"column":-1}}},"fnMap":{"0":{"name":"data","decl":{"start":{"line":35,"column":0},"end":{"line":null,"column":-1}},"loc":{"start":{"line":35,"column":0},"end":{"line":41,"column":0}}},"1":{"name":"created","decl":{"start":{"line":66,"column":0},"end":{"line":null,"column":-1}},"loc":{"start":{"line":66,"column":0},"end":{"line":68,"column":0}}},"2":{"name":"logout","decl":{"start":{"line":70,"column":0},"end":{"line":null,"column":-1}},"loc":{"start":{"line":70,"column":0},"end":{"line":72,"column":0}}},"3":{"name":"modalClose","decl":{"start":{"line":73,"column":0},"end":{"line":null,"column":-1}},"loc":{"start":{"line":73,"column":0},"end":{"line":75,"column":0}}},"4":{"name":"modalCancel","decl":{"start":{"line":76,"column":0},"end":{"line":null,"column":-1}},"loc":{"start":{"line":76,"column":0},"end":{"line":78,"column":0}}},"5":{"name":"modalOk","decl":{"start":{"line":79,"column":0},"end":{"line":null,"column":-1}},"loc":{"start":{"line":79,"column":0},"end":{"line":82,"column":0}}},"6":{"name":"goOut","decl":{"start":{"line":83,"column":0},"end":{"line":null,"column":-1}},"loc":{"start":{"line":83,"column":0},"end":{"line":85,"column":0}}},"7":{"name":"goIndex","decl":{"start":{"line":86,"column":0},"end":{"line":null,"column":-1}},"loc":{"start":{"line":86,"column":0},"end":{"line":89,"column":0}}},"8":{"name":"closeMask","decl":{"start":{"line":90,"column":0},"end":{"line":null,"column":-1}},"loc":{"start":{"line":90,"column":0},"end":{"line":92,"column":0}}},"9":{"name":"goAccount","decl":{"start":{"line":93,"column":0},"end":{"line":null,"column":-1}},"loc":{"start":{"line":93,"column":0},"end":{"line":96,"column":0}}},"10":{"name":"eventeFun","decl":{"start":{"line":97,"column":0},"end":{"line":null,"column":-1}},"loc":{"start":{"line":97,"column":0},"end":{"line":100,"column":0}}},"11":{"name":"lightFun","decl":{"start":{"line":101,"column":0},"end":{"line":null,"column":-1}},"loc":{"start":{"line":101,"column":0},"end":{"line":104,"column":0}}},"12":{"name":"goHome","decl":{"start":{"line":105,"column":0},"end":{"line":null,"column":-1}},"loc":{"start":{"line":105,"column":0},"end":{"line":112,"column":0}}},"13":{"name":"headerName","decl":{"start":{"line":115,"column":0},"end":{"line":null,"column":-1}},"loc":{"start":{"line":115,"column":0},"end":{"line":121,"column":0}}}},"branchMap":{"0":{"loc":{"start":{"line":106,"column":0},"end":{"line":111,"column":0}},"type":"if","locations":[{"start":{"line":106,"column":0},"end":{"line":111,"column":0}},{"start":{"line":106,"column":0},"end":{"line":111,"column":0}}]}},"s":{"0":0,"1":0,"2":0,"3":0,"4":0,"5":0,"6":0,"7":0,"8":0,"9":0,"10":0,"11":0,"12":0,"13":0,"14":0,"15":0,"16":0,"17":0,"18":0,"19":0,"20":0,"21":0,"22":0,"23":0,"24":0,"25":0,"26":0,"27":0},"f":{"0":0,"1":0,"2":0,"3":0,"4":0,"5":0,"6":0,"7":0,"8":0,"9":0,"10":0,"11":0,"12":0,"13":0},"b":{"0":[0,0]}}
,"/Users/wangzhenjie/emfe/publicHeader/header/water/header/component/mask/mask.vue": {"path":"/Users/wangzhenjie/emfe/publicHeader/header/water/header/component/mask/mask.vue","statementMap":{"0":{"start":{"line":33,"column":0},"end":{"line":null,"column":-1}},"1":{"start":{"line":41,"column":0},"end":{"line":null,"column":-1}},"2":{"start":{"line":44,"column":0},"end":{"line":null,"column":-1}},"3":{"start":{"line":47,"column":0},"end":{"line":null,"column":-1}}},"fnMap":{"0":{"name":"data","decl":{"start":{"line":32,"column":0},"end":{"line":null,"column":-1}},"loc":{"start":{"line":32,"column":0},"end":{"line":38,"column":0}}},"1":{"name":"closeMask","decl":{"start":{"line":40,"column":0},"end":{"line":null,"column":-1}},"loc":{"start":{"line":40,"column":0},"end":{"line":42,"column":0}}},"2":{"name":"eventeFun","decl":{"start":{"line":43,"column":0},"end":{"line":null,"column":-1}},"loc":{"start":{"line":43,"column":0},"end":{"line":45,"column":0}}},"3":{"name":"lightFun","decl":{"start":{"line":46,"column":0},"end":{"line":null,"column":-1}},"loc":{"start":{"line":46,"column":0},"end":{"line":48,"column":0}}}},"branchMap":{},"s":{"0":0,"1":0,"2":0,"3":0},"f":{"0":0,"1":0,"2":0,"3":0},"b":{}}
,"/Users/wangzhenjie/emfe/publicHeader/header/water/header/component/modal/modal.vue": {"path":"/Users/wangzhenjie/emfe/publicHeader/header/water/header/component/modal/modal.vue","statementMap":{"0":{"start":{"line":23,"column":0},"end":{"line":null,"column":-1}},"1":{"start":{"line":66,"column":0},"end":{"line":68,"column":0}},"2":{"start":{"line":67,"column":0},"end":{"line":null,"column":-1}},"3":{"start":{"line":72,"column":0},"end":{"line":null,"column":-1}},"4":{"start":{"line":82,"column":0},"end":{"line":null,"column":-1}},"5":{"start":{"line":85,"column":0},"end":{"line":null,"column":-1}},"6":{"start":{"line":88,"column":0},"end":{"line":null,"column":-1}}},"fnMap":{"0":{"name":"data","decl":{"start":{"line":22,"column":0},"end":{"line":null,"column":-1}},"loc":{"start":{"line":22,"column":0},"end":{"line":26,"column":0}}},"1":{"name":"created","decl":{"start":{"line":65,"column":0},"end":{"line":null,"column":-1}},"loc":{"start":{"line":65,"column":0},"end":{"line":69,"column":0}}},"2":{"name":"mainName","decl":{"start":{"line":71,"column":0},"end":{"line":null,"column":-1}},"loc":{"start":{"line":71,"column":0},"end":{"line":78,"column":0}}},"3":{"name":"cancel","decl":{"start":{"line":81,"column":0},"end":{"line":null,"column":-1}},"loc":{"start":{"line":81,"column":0},"end":{"line":83,"column":0}}},"4":{"name":"ok","decl":{"start":{"line":84,"column":0},"end":{"line":null,"column":-1}},"loc":{"start":{"line":84,"column":0},"end":{"line":86,"column":0}}},"5":{"name":"closeModal","decl":{"start":{"line":87,"column":0},"end":{"line":null,"column":-1}},"loc":{"start":{"line":87,"column":0},"end":{"line":89,"column":0}}}},"branchMap":{"0":{"loc":{"start":{"line":66,"column":0},"end":{"line":68,"column":0}},"type":"if","locations":[{"start":{"line":66,"column":0},"end":{"line":68,"column":0}},{"start":{"line":66,"column":0},"end":{"line":68,"column":0}}]},"1":{"loc":{"start":{"line":66,"column":0},"end":{"line":null,"column":-1}},"type":"binary-expr","locations":[{"start":{"line":66,"column":0},"end":{"line":null,"column":-1}},{"start":{"line":66,"column":0},"end":{"line":null,"column":-1}}]}},"s":{"0":0,"1":0,"2":0,"3":0,"4":0,"5":0,"6":0},"f":{"0":0,"1":0,"2":0,"3":0,"4":0,"5":0},"b":{"0":[0,0],"1":[0,0]}}
}
