TN:
SF:/Users/wangzhenjie/emfe/publicHeader/header/water/header/Header.vue
FN:35,data
FN:66,created
FN:70,logout
FN:73,modalClose
FN:76,modalCancel
FN:79,modalOk
FN:83,goOut
FN:86,goIndex
FN:90,closeMask
FN:93,goAccount
FN:97,eventeFun
FN:101,lightFun
FN:105,goHome
FN:115,headerName
FNF:14
FNH:0
FNDA:0,data
FNDA:0,created
FNDA:0,logout
FNDA:0,modalClose
FNDA:0,modalCancel
FNDA:0,modalOk
FNDA:0,goOut
FNDA:0,goIndex
FNDA:0,closeMask
FNDA:0,goAccount
FNDA:0,eventeFun
FNDA:0,lightFun
FNDA:0,goHome
FNDA:0,headerName
DA:25,0
DA:26,0
DA:27,0
DA:28,0
DA:29,0
DA:31,0
DA:36,0
DA:67,0
DA:71,0
DA:74,0
DA:77,0
DA:80,0
DA:81,0
DA:84,0
DA:87,0
DA:88,0
DA:91,0
DA:94,0
DA:95,0
DA:98,0
DA:99,0
DA:102,0
DA:103,0
DA:106,0
DA:107,0
DA:109,0
DA:110,0
DA:116,0
LF:28
LH:0
BRDA:106,0,0,0
BRDA:106,0,1,0
BRF:2
BRH:0
end_of_record
TN:
SF:/Users/wangzhenjie/emfe/publicHeader/header/water/header/component/mask/mask.vue
FN:32,data
FN:40,closeMask
FN:43,eventeFun
FN:46,lightFun
FNF:4
FNH:0
FNDA:0,data
FNDA:0,closeMask
FNDA:0,eventeFun
FNDA:0,lightFun
DA:33,0
DA:41,0
DA:44,0
DA:47,0
LF:4
LH:0
BRF:0
BRH:0
end_of_record
TN:
SF:/Users/wangzhenjie/emfe/publicHeader/header/water/header/component/modal/modal.vue
FN:22,data
FN:65,created
FN:71,mainName
FN:81,cancel
FN:84,ok
FN:87,closeModal
FNF:6
FNH:0
FNDA:0,data
FNDA:0,created
FNDA:0,mainName
FNDA:0,cancel
FNDA:0,ok
FNDA:0,closeModal
DA:23,0
DA:66,0
DA:67,0
DA:72,0
DA:82,0
DA:85,0
DA:88,0
LF:7
LH:0
BRDA:66,0,0,0
BRDA:66,0,1,0
BRDA:66,1,0,0
BRDA:66,1,1,0
BRF:4
BRH:0
end_of_record
